<?xml version="1.0" encoding="UTF-8"?>
<testsuite xmlns:xsi="http://www.w3.org/2001/XMLSchema-instance" xsi:noNamespaceSchemaLocation="https://maven.apache.org/surefire/maven-surefire-plugin/xsd/surefire-test-report.xsd" version="3.0.1" name="cucumberOptions.TestRunner" time="26.035" tests="2" errors="0" skipped="0" failures="1">
  <properties>
[...]
</properties>
  <testcase name="runScenario[&quot;Validate Add to Cart functionality and pricing for a Nutrition product&quot;, &quot;Validate Add to Cart functionality&quot;](1)" classname="cucumberOptions.TestRunner" time="17.488">
    <failure message="no such element: Unable to locate element: {&quot;method&quot;:&quot;xpath&quot;,&quot;selector&quot;:&quot;//div[@data-test-id=&apos;filter-sidebar-desktop:slider-thumb-max-outer&apos;]&quot;}&#10;  (Session info: chrome=149.0.7827.198)&#10;For documentation on this error, please visit: https://www.selenium.dev/documentation/webdriver/troubleshooting/errors#nosuchelementexception&#10;Build info: version: &apos;4.39.0&apos;, revision: &apos;126f156aee&apos;&#10;System info: os.name: &apos;Windows 11&apos;, os.arch: &apos;amd64&apos;, os.version: &apos;10.0&apos;, java.version: &apos;23.0.2&apos;&#10;Driver info: org.openqa.selenium.remote.RemoteWebDriver&#10;Command: [368dd282ef4f9b8623e3f5c2940d8fa5, findElement {using=xpath, value=//div[@data-test-id=&apos;filter-sidebar-desktop:slider-thumb-max-outer&apos;]}]&#10;Capabilities {acceptInsecureCerts: false, browserName: chrome, browserVersion: 149.0.7827.198, chrome: {chromedriverVersion: 149.0.7827.155 (07b52360cc1..., userDataDir: C:\Users\VISHNU~1\AppData\L...}, fedcm:accounts: true, goog:chromeOptions: {debuggerAddress: localhost:53635}, goog:processID: 145972, networkConnectionEnabled: false, pageLoadStrategy: normal, platformName: windows, proxy: Proxy(), se:bidiEnabled: false, se:cdp: ws://192.168.29.61:4444/ses..., se:cdpVersion: 149.0.7827.198, setWindowRect: true, strictFileInteractability: false, timeouts: {implicit: 0, pageLoad: 300000, script: 30000}, unhandledPromptBehavior: dismiss and notify, webauthn:extension:credBlob: true, webauthn:extension:largeBlob: true, webauthn:extension:minPinLength: true, webauthn:extension:prf: true, webauthn:virtualAuthenticators: true}&#10;Session ID: 368dd282ef4f9b8623e3f5c2940d8fa5" type="java.lang.AssertionError"><![CDATA[java.lang.AssertionError: 
no such element: Unable to locate element: {"method":"xpath","selector":"//div[@data-test-id='filter-sidebar-desktop:slider-thumb-max-outer']"}
  (Session info: chrome=149.0.7827.198)
For documentation on this error, please visit: https://www.selenium.dev/documentation/webdriver/troubleshooting/errors#nosuchelementexception
Build info: version: '4.39.0', revision: '126f156aee'
System info: os.name: 'Windows 11', os.arch: 'amd64', os.version: '10.0', java.version: '23.0.2'
Driver info: org.openqa.selenium.remote.RemoteWebDriver
Command: [368dd282ef4f9b8623e3f5c2940d8fa5, findElement {using=xpath, value=//div[@data-test-id='filter-sidebar-desktop:slider-thumb-max-outer']}]
Capabilities {acceptInsecureCerts: false, browserName: chrome, browserVersion: 149.0.7827.198, chrome: {chromedriverVersion: 149.0.7827.155 (07b52360cc1..., userDataDir: C:\Users\VISHNU~1\AppData\L...}, fedcm:accounts: true, goog:chromeOptions: {debuggerAddress: localhost:53635}, goog:processID: 145972, networkConnectionEnabled: false, pageLoadStrategy: normal, platformName: windows, proxy: Proxy(), se:bidiEnabled: false, se:cdp: ws://192.168.29.61:4444/ses..., se:cdpVersion: 149.0.7827.198, setWindowRect: true, strictFileInteractability: false, timeouts: {implicit: 0, pageLoad: 300000, script: 30000}, unhandledPromptBehavior: dismiss and notify, webauthn:extension:credBlob: true, webauthn:extension:largeBlob: true, webauthn:extension:minPinLength: true, webauthn:extension:prf: true, webauthn:virtualAuthenticators: true}
Session ID: 368dd282ef4f9b8623e3f5c2940d8fa5
	at org.testng.Assert.fail(Assert.java:111)
	at stepDefinitions.AddToCartStep.user_selects_the_maximum_price_filter_less_than(AddToCartStep.java:96)
	at ✽.User selects the maximum price filter less than "250"(file:///C:/Users/VISHNU%20VARDHAN/eclipse-workspace/decathlon-automation-framework/src/test/resources/features/addtocart.feature:7)
]]></failure>
    <system-out><![CDATA[
@AddToCart
Scenario: Validate Add to Cart functionality and pricing for a Nutrition product                    &amp#27;[90m# src/test/resources/features/addtocart.feature:4&amp#27;[0m

@PriceBrandFilter
Scenario: Validate Nutrition products using Price and Brand filters                &amp#27;[90m# src/test/resources/features/pricebrandFilter.feature:4&amp#27;[0m
java -jar src/test/resources/selenium-server-4.44.0.jar standalone
java -jar src/test/resources/selenium-server-4.44.0.jar standalone
GRID STARTED
GRID STARTED
07:16:19.732 [TestNG-PoolService-0] INFO  stepDefinitions.AddToCartStep - Title : Buy Sporting Goods, Sportswear and Equipments | Download App
07:16:19.762 [TestNG-PoolService-0] INFO  stepDefinitions.AddToCartStep - URL : https://www.decathlon.in/
  &amp#27;[32mWhen &amp#27;[0m&amp#27;[32mUser searches for &amp#27;[0m&amp#27;[32m&amp#27;[1m"Nutrition"&amp#27;[0m&amp#27;[32m category&amp#27;[0m                                                       &amp#27;[90m# stepDefinitions.AddToCartStep.user_searches_for(java.lang.String)&amp#27;[0m
07:16:19.785 [TestNG-PoolService-0] INFO  stepDefinitions.AddToCartStep - User applies the maximum price filter as 250
07:16:24.564 [TestNG-PoolService-1] INFO  stepDefinitions.PriceBrandFilterStep - Title : Search | Nutrition
07:16:24.576 [TestNG-PoolService-1] INFO  stepDefinitions.PriceBrandFilterStep - URL : https://www.decathlon.in/search?query=Nutrition
  &amp#27;[32mWhen &amp#27;[0m&amp#27;[32mUser searches for &amp#27;[0m&amp#27;[32m&amp#27;[1m"Nutrition"&amp#27;[0m                                               &amp#27;[90m# stepDefinitions.PriceBrandFilterStep.user_searches_for(java.lang.String)&amp#27;[0m
07:16:24.577 [TestNG-PoolService-1] INFO  stepDefinitions.PriceBrandFilterStep - User applies the maximum price filter as {string}
07:16:24.628 [TestNG-PoolService-1] INFO  stepDefinitions.PriceBrandFilterStep - ₹3,499
07:16:24.632 [TestNG-PoolService-1] INFO  stepDefinitions.PriceBrandFilterStep - Current Price : 3499
07:16:25.055 [TestNG-PoolService-1] INFO  stepDefinitions.PriceBrandFilterStep - ₹2,878
07:16:25.055 [TestNG-PoolService-1] INFO  stepDefinitions.PriceBrandFilterStep - Current Price : 2878
07:16:25.487 [TestNG-PoolService-1] INFO  stepDefinitions.PriceBrandFilterStep - ₹2,261
07:16:25.487 [TestNG-PoolService-1] INFO  stepDefinitions.PriceBrandFilterStep - Current Price : 2261
07:16:25.900 [TestNG-PoolService-1] INFO  stepDefinitions.PriceBrandFilterStep - ₹1,630
07:16:25.902 [TestNG-PoolService-1] INFO  stepDefinitions.PriceBrandFilterStep - Current Price : 1630
07:16:26.345 [TestNG-PoolService-1] INFO  stepDefinitions.PriceBrandFilterStep - ₹1,014
07:16:26.345 [TestNG-PoolService-1] INFO  stepDefinitions.PriceBrandFilterStep - Current Price : 1014
07:16:26.767 [TestNG-PoolService-1] INFO  stepDefinitions.PriceBrandFilterStep - ₹398
07:16:26.768 [TestNG-PoolService-1] INFO  stepDefinitions.PriceBrandFilterStep - Current Price : 398
07:16:27.203 [TestNG-PoolService-1] INFO  stepDefinitions.PriceBrandFilterStep - ₹231
07:16:27.207 [TestNG-PoolService-1] INFO  stepDefinitions.PriceBrandFilterStep - Current Price : 231
07:16:29.811 [TestNG-PoolService-0] ERROR stepDefinitions.AddToCartStep - Exception occurred
org.openqa.selenium.NoSuchElementException: no such element: Unable to locate element: {"method":"xpath","selector":"//div[@data-test-id='filter-sidebar-desktop:slider-thumb-max-outer']"}
  (Session info: chrome=149.0.7827.198)
For documentation on this error, please visit: https://www.selenium.dev/documentation/webdriver/troubleshooting/errors#nosuchelementexception
Build info: version: '4.39.0', revision: '126f156aee'
System info: os.name: 'Windows 11', os.arch: 'amd64', os.version: '10.0', java.version: '23.0.2'
Driver info: org.openqa.selenium.remote.RemoteWebDriver
Command: [368dd282ef4f9b8623e3f5c2940d8fa5, findElement {using=xpath, value=//div[@data-test-id='filter-sidebar-desktop:slider-thumb-max-outer']}]
Capabilities {acceptInsecureCerts: false, browserName: chrome, browserVersion: 149.0.7827.198, chrome: {chromedriverVersion: 149.0.7827.155 (07b52360cc1..., userDataDir: C:\Users\VISHNU~1\AppData\L...}, fedcm:accounts: true, goog:chromeOptions: {debuggerAddress: localhost:53635}, goog:processID: 145972, networkConnectionEnabled: false, pageLoadStrategy: normal, platformName: windows, proxy: Proxy(), se:bidiEnabled: false, se:cdp: ws://192.168.29.61:4444/ses..., se:cdpVersion: 149.0.7827.198, setWindowRect: true, strictFileInteractability: false, timeouts: {implicit: 0, pageLoad: 300000, script: 30000}, unhandledPromptBehavior: dismiss and notify, webauthn:extension:credBlob: true, webauthn:extension:largeBlob: true, webauthn:extension:minPinLength: true, webauthn:extension:prf: true, webauthn:virtualAuthenticators: true}
Session ID: 368dd282ef4f9b8623e3f5c2940d8fa5
	at java.base/jdk.internal.reflect.DirectConstructorHandleAccessor.newInstance(DirectConstructorHandleAccessor.java:62)
	at java.base/java.lang.reflect.Constructor.newInstanceWithCaller(Constructor.java:501)
	at java.base/java.lang.reflect.Constructor.newInstance(Constructor.java:485)
	at org.openqa.selenium.remote.ErrorCodec.decode(ErrorCodec.java:167)
	at org.openqa.selenium.remote.codec.w3c.W3CHttpResponseCodec.decode(W3CHttpResponseCodec.java:142)
	at org.openqa.selenium.remote.codec.w3c.W3CHttpResponseCodec.decode(W3CHttpResponseCodec.java:49)
	at org.openqa.selenium.remote.HttpCommandExecutor.execute(HttpCommandExecutor.java:215)
	at org.openqa.selenium.remote.TracedCommandExecutor.execute(TracedCommandExecutor.java:53)
	at org.openqa.selenium.remote.RemoteWebDriver.execute(RemoteWebDriver.java:561)
	at org.openqa.selenium.remote.ElementLocation$ElementFinder$2.findElement(ElementLocation.java:166)
	at org.openqa.selenium.remote.ElementLocation.findElement(ElementLocation.java:60)
	at org.openqa.selenium.remote.RemoteWebDriver.findElement(RemoteWebDriver.java:384)
	at org.openqa.selenium.remote.RemoteWebDriver.findElement(RemoteWebDriver.java:378)
	at pageObjects.AddToCartPage.getSlider(AddToCartPage.java:60)
	at stepDefinitions.AddToCartStep.user_selects_the_maximum_price_filter_less_than(AddToCartStep.java:64)
	at java.base/jdk.internal.reflect.DirectMethodHandleAccessor.invoke(DirectMethodHandleAccessor.java:103)
	at java.base/java.lang.reflect.Method.invoke(Method.java:580)
	at io.cucumber.java.Invoker.doInvoke(Invoker.java:66)
	at io.cucumber.java.Invoker.invoke(Invoker.java:24)
	at io.cucumber.java.AbstractGlueDefinition.invokeMethod(AbstractGlueDefinition.java:47)
	at io.cucumber.java.JavaStepDefinition.execute(JavaStepDefinition.java:29)
	at io.cucumber.core.runner.CoreStepDefinition.execute(CoreStepDefinition.java:66)
	at io.cucumber.core.runner.PickleStepDefinitionMatch.runStep(PickleStepDefinitionMatch.java:63)
	at io.cucumber.core.runner.ExecutionMode$1.execute(ExecutionMode.java:10)
	at io.cucumber.core.runner.TestStep.executeStep(TestStep.java:84)
	at io.cucumber.core.runner.TestStep.run(TestStep.java:56)
	at io.cucumber.core.runner.PickleStepTestStep.run(PickleStepTestStep.java:51)
	at io.cucumber.core.runner.TestCase.run(TestCase.java:84)
	at io.cucumber.core.runner.Runner.runPickle(Runner.java:75)
	at io.cucumber.testng.TestNGCucumberRunner.lambda$runScenario$1(TestNGCucumberRunner.java:132)
	at io.cucumber.core.runtime.CucumberExecutionContext.lambda$runTestCase$5(CucumberExecutionContext.java:137)
	at io.cucumber.core.runtime.RethrowingThrowableCollector.executeAndThrow(RethrowingThrowableCollector.java:23)
	at io.cucumber.core.runtime.CucumberExecutionContext.runTestCase(CucumberExecutionContext.java:137)
	at io.cucumber.testng.TestNGCucumberRunner.runScenario(TestNGCucumberRunner.java:129)
	at io.cucumber.testng.AbstractTestNGCucumberTests.runScenario(AbstractTestNGCucumberTests.java:35)
	at java.base/jdk.internal.reflect.DirectMethodHandleAccessor.invoke(DirectMethodHandleAccessor.java:103)
	at java.base/java.lang.reflect.Method.invoke(Method.java:580)
	at org.testng.internal.invokers.MethodInvocationHelper.invokeMethod(MethodInvocationHelper.java:139)
	at org.testng.internal.invokers.TestInvoker.invokeMethod(TestInvoker.java:664)
	at org.testng.internal.invokers.TestInvoker.invokeTestMethod(TestInvoker.java:227)
	at org.testng.internal.invokers.TestMethodWithDataProviderMethodWorker.call(TestMethodWithDataProviderMethodWorker.java:80)
	at org.testng.internal.invokers.TestMethodWithDataProviderMethodWorker.call(TestMethodWithDataProviderMethodWorker.java:17)
	at java.base/java.util.concurrent.FutureTask.run(FutureTask.java:317)
	at java.base/java.util.concurrent.Executors$RunnableAdapter.call(Executors.java:572)
	at java.base/java.util.concurrent.FutureTask.run(FutureTask.java:317)
	at java.base/java.util.concurrent.ThreadPoolExecutor.runWorker(ThreadPoolExecutor.java:1144)
	at java.base/java.util.concurrent.ThreadPoolExecutor$Worker.run(ThreadPoolExecutor.java:642)
	at java.base/java.lang.Thread.run(Thread.java:1575)
  &amp#27;[31mAnd &amp#27;[0m&amp#27;[31mUser selects the maximum price filter less than &amp#27;[0m&amp#27;[31m&amp#27;[1m"250"&amp#27;[0m                                         &amp#27;[90m# stepDefinitions.AddToCartStep.user_selects_the_maximum_price_filter_less_than(java.lang.String)&amp#27;[0m
      &amp#27;[31mjava.lang.AssertionError: no such element: Unable to locate element: {"method":"xpath","selector":"//div[@data-test-id='filter-sidebar-desktop:slider-thumb-max-outer']"}
  (Session info: chrome=149.0.7827.198)
For documentation on this error, please visit: https://www.selenium.dev/documentation/webdriver/troubleshooting/errors#nosuchelementexception
Build info: version: '4.39.0', revision: '126f156aee'
System info: os.name: 'Windows 11', os.arch: 'amd64', os.version: '10.0', java.version: '23.0.2'
Driver info: org.openqa.selenium.remote.RemoteWebDriver
Command: [368dd282ef4f9b8623e3f5c2940d8fa5, findElement {using=xpath, value=//div[@data-test-id='filter-sidebar-desktop:slider-thumb-max-outer']}]
Capabilities {acceptInsecureCerts: false, browserName: chrome, browserVersion: 149.0.7827.198, chrome: {chromedriverVersion: 149.0.7827.155 (07b52360cc1..., userDataDir: C:\Users\VISHNU~1\AppData\L...}, fedcm:accounts: true, goog:chromeOptions: {debuggerAddress: localhost:53635}, goog:processID: 145972, networkConnectionEnabled: false, pageLoadStrategy: normal, platformName: windows, proxy: Proxy(), se:bidiEnabled: false, se:cdp: ws://192.168.29.61:4444/ses..., se:cdpVersion: 149.0.7827.198, setWindowRect: true, strictFileInteractability: false, timeouts: {implicit: 0, pageLoad: 300000, script: 30000}, unhandledPromptBehavior: dismiss and notify, webauthn:extension:credBlob: true, webauthn:extension:largeBlob: true, webauthn:extension:minPinLength: true, webauthn:extension:prf: true, webauthn:virtualAuthenticators: true}
Session ID: 368dd282ef4f9b8623e3f5c2940d8fa5
	at org.testng.Assert.fail(Assert.java:111)
	at stepDefinitions.AddToCartStep.user_selects_the_maximum_price_filter_less_than(AddToCartStep.java:96)
	at ✽.User selects the maximum price filter less than "250"(file:///C:/Users/VISHNU%20VARDHAN/eclipse-workspace/decathlon-automation-framework/src/test/resources/features/addtocart.feature:7)
&amp#27;[0m
  &amp#27;[36mAnd &amp#27;[0m&amp#27;[36mUser clicks the product &amp#27;[0m&amp#27;[36m&amp#27;[1m"Granola Bar Cashew Berry - Healthy Nutrition Energy & Breakfast Bar"&amp#27;[0m &amp#27;[90m# stepDefinitions.AddToCartStep.user_clicks_the_product(java.lang.String)&amp#27;[0m
  &amp#27;[36mAnd &amp#27;[0m&amp#27;[36mUser clicks Add to Cart button&amp#27;[0m                                                                &amp#27;[90m# stepDefinitions.AddToCartStep.user_clicks_add_to_cart_button()&amp#27;[0m
  &amp#27;[36mAnd &amp#27;[0m&amp#27;[36mUser navigates to the cart&amp#27;[0m                                                                    &amp#27;[90m# stepDefinitions.AddToCartStep.user_navigates_to_the_cart()&amp#27;[0m
  &amp#27;[36mAnd &amp#27;[0m&amp#27;[36mUser increases the quantity to &amp#27;[0m&amp#27;[36m&amp#27;[1m"3"&amp#27;[0m                                                            &amp#27;[90m# stepDefinitions.AddToCartStep.user_increases_the_quantity_to(java.lang.String)&amp#27;[0m
  &amp#27;[36mThen &amp#27;[0m&amp#27;[36mThe cart should display correct quantity&amp#27;[0m                                                     &amp#27;[90m# stepDefinitions.AddToCartStep.the_cart_should_display_correct_quantity()&amp#27;[0m
  &amp#27;[36mAnd &amp#27;[0m&amp#27;[36mThe cart should display the correct selling price, MRP, discount and total price&amp#27;[0m              &amp#27;[90m# stepDefinitions.AddToCartStep.validate_selling_price_discount_mrp()&amp#27;[0m
]]></system-out>
    <system-err><![CDATA[SLF4J: Failed to load class "org.slf4j.impl.StaticLoggerBinder".
SLF4J: Defaulting to no-operation (NOP) logger implementation
SLF4J: See http://www.slf4j.org/codes.html#StaticLoggerBinder for further details.
Jul 08, 2026 7:16:13 AM org.openqa.selenium.remote.tracing.opentelemetry.OpenTelemetryTracer createTracer
INFO: Using OpenTelemetry for tracing
]]></system-err>
  </testcase>
  <testcase name="runScenario[&quot;Validate Nutrition products using Price and Brand filters&quot;, &quot;Validating price and brand by filter functionality&quot;](2)" classname="cucumberOptions.TestRunner" time="25.126">
    <system-out><![CDATA[07:16:32.230 [TestNG-PoolService-1] INFO  stepDefinitions.PriceBrandFilterStep - Title : Search | Nutrition
07:16:32.241 [TestNG-PoolService-1] INFO  stepDefinitions.PriceBrandFilterStep - URL : https://www.decathlon.in/search?query=Nutrition&inStock=1&price=59-231
  &amp#27;[32mAnd &amp#27;[0m&amp#27;[32mUser applies the maximum price filter as &amp#27;[0m&amp#27;[32m&amp#27;[1m"250"&amp#27;[0m                               &amp#27;[90m# stepDefinitions.PriceBrandFilterStep.user_applies_the_maximum_price_filter_as(java.lang.String)&amp#27;[0m
User verifies all displayed products have price less than or equal to {string}
Price : ₹69
Price : ₹59
Price : ₹219
Price : ₹69
Price : ₹129
Price : ₹129
Price : ₹69
Price : ₹99
Price : ₹99
Price : ₹99
Price : ₹99
Price : ₹69
Price : ₹69
Price : ₹69
Price : ₹69
Price : ₹69
Price : ₹59
Price : ₹69
Price : ₹69
Price : ₹89
  &amp#27;[32mThen &amp#27;[0m&amp#27;[32mUser verifies all displayed products have price less than or equal to &amp#27;[0m&amp#27;[32m&amp#27;[1m"250"&amp#27;[0m &amp#27;[90m# stepDefinitions.PriceBrandFilterStep.user_verifies_all_displayed_products_have_price_less_than_or_equal_to(java.lang.String)&amp#27;[0m
07:16:32.615 [TestNG-PoolService-1] INFO  stepDefinitions.PriceBrandFilterStep - User selects the brand {string}
  &amp#27;[32mWhen &amp#27;[0m&amp#27;[32mUser selects the brand &amp#27;[0m&amp#27;[32m&amp#27;[1m"Decathlon"&amp#27;[0m                                          &amp#27;[90m# stepDefinitions.PriceBrandFilterStep.user_selects_the_brand(java.lang.String)&amp#27;[0m
User verifies all displayed products belong to brand {string}
  &amp#27;[32mThen &amp#27;[0m&amp#27;[32mUser verifies all displayed products belong to brand &amp#27;[0m&amp#27;[32m&amp#27;[1m"Decathlon"&amp#27;[0m            &amp#27;[90m# stepDefinitions.PriceBrandFilterStep.user_verifies_all_displayed_products_belong_to_brand(java.lang.String)&amp#27;[0m
]]></system-out>
  </testcase>
</testsuite>