<?xml version="1.0" encoding="UTF-8"?>
<testng-results ignored="0" total="2" passed="1" failed="1" skipped="0">
  <reporter-output>
  </reporter-output>
  <suite started-at="2026-07-08T07:16:13 IST" name="Surefire suite" finished-at="2026-07-08T07:16:38 IST" duration-ms="25391">
    <groups>
      <group name="cucumber">
        <method signature="AbstractTestNGCucumberTests.runScenario(io.cucumber.testng.PickleWrapper,io.cucumber.testng.FeatureWrapper)[pri:0, instance:cucumberOptions.TestRunner@6221a451]" name="runScenario" class="io.cucumber.testng.AbstractTestNGCucumberTests"/>
      </group> <!-- cucumber -->
    </groups>
    <test started-at="2026-07-08T07:16:13 IST" name="Surefire test" finished-at="2026-07-08T07:16:38 IST" duration-ms="25391">
      <class name="cucumberOptions.TestRunner">
        <test-method is-config="true" signature="setUpClass(org.testng.ITestContext)[pri:0, instance:cucumberOptions.TestRunner@6221a451]" started-at="2026-07-08T07:16:13 IST" name="setUpClass" finished-at="2026-07-08T07:16:13 IST" duration-ms="218" status="PASS">
          <params>
            <param index="0">
              <value>
                <![CDATA[org.testng.TestRunner@7a560583]]>
              </value>
            </param>
          </params>
          <reporter-output>
          </reporter-output>
        </test-method> <!-- setUpClass -->
        <test-method signature="runScenario(io.cucumber.testng.PickleWrapper,io.cucumber.testng.FeatureWrapper)[pri:0, instance:cucumberOptions.TestRunner@6221a451]" started-at="2026-07-08T07:16:13 IST" name="runScenario" description="Runs Cucumber Scenarios" data-provider="scenarios" finished-at="2026-07-08T07:16:38 IST" duration-ms="25128" status="PASS">
          <params>
            <param index="0">
              <value>
                <![CDATA["Validate Nutrition products using Price and Brand filters"]]>
              </value>
            </param>
            <param index="1">
              <value>
                <![CDATA["Validating price and brand by filter functionality"]]>
              </value>
            </param>
          </params>
          <reporter-output>
          </reporter-output>
        </test-method> <!-- runScenario -->
        <test-method signature="runScenario(io.cucumber.testng.PickleWrapper,io.cucumber.testng.FeatureWrapper)[pri:0, instance:cucumberOptions.TestRunner@6221a451]" started-at="2026-07-08T07:16:13 IST" name="runScenario" description="Runs Cucumber Scenarios" data-provider="scenarios" finished-at="2026-07-08T07:16:30 IST" duration-ms="17482" status="FAIL">
          <params>
            <param index="0">
              <value>
                <![CDATA["Validate Add to Cart functionality and pricing for a Nutrition product"]]>
              </value>
            </param>
            <param index="1">
              <value>
                <![CDATA["Validate Add to Cart functionality"]]>
              </value>
            </param>
          </params>
          <exception class="java.lang.AssertionError">
            <message>
              <![CDATA[no such element: Unable to locate element: {"method":"xpath","selector":"//div[@data-test-id='filter-sidebar-desktop:slider-thumb-max-outer']"}
  (Session info: chrome=149.0.7827.198)
For documentation on this error, please visit: https://www.selenium.dev/documentation/webdriver/troubleshooting/errors#nosuchelementexception
Build info: version: '4.39.0', revision: '126f156aee'
System info: os.name: 'Windows 11', os.arch: 'amd64', os.version: '10.0', java.version: '23.0.2'
Driver info: org.openqa.selenium.remote.RemoteWebDriver
Command: [368dd282ef4f9b8623e3f5c2940d8fa5, findElement {using=xpath, value=//div[@data-test-id='filter-sidebar-desktop:slider-thumb-max-outer']}]
Capabilities {acceptInsecureCerts: false, browserName: chrome, browserVersion: 149.0.7827.198, chrome: {chromedriverVersion: 149.0.7827.155 (07b52360cc1..., userDataDir: C:\Users\VISHNU~1\AppData\L...}, fedcm:accounts: true, goog:chromeOptions: {debuggerAddress: localhost:53635}, goog:processID: 145972, networkConnectionEnabled: false, pageLoadStrategy: normal, platformName: windows, proxy: Proxy(), se:bidiEnabled: false, se:cdp: ws://192.168.29.61:4444/ses..., se:cdpVersion: 149.0.7827.198, setWindowRect: true, strictFileInteractability: false, timeouts: {implicit: 0, pageLoad: 300000, script: 30000}, unhandledPromptBehavior: dismiss and notify, webauthn:extension:credBlob: true, webauthn:extension:largeBlob: true, webauthn:extension:minPinLength: true, webauthn:extension:prf: true, webauthn:virtualAuthenticators: true}
Session ID: 368dd282ef4f9b8623e3f5c2940d8fa5]]>
            </message>
            <full-stacktrace>
              <![CDATA[java.lang.AssertionError: no such element: Unable to locate element: {"method":"xpath","selector":"//div[@data-test-id='filter-sidebar-desktop:slider-thumb-max-outer']"}
  (Session info: chrome=149.0.7827.198)
For documentation on this error, please visit: https://www.selenium.dev/documentation/webdriver/troubleshooting/errors#nosuchelementexception
Build info: version: '4.39.0', revision: '126f156aee'
System info: os.name: 'Windows 11', os.arch: 'amd64', os.version: '10.0', java.version: '23.0.2'
Driver info: org.openqa.selenium.remote.RemoteWebDriver
Command: [368dd282ef4f9b8623e3f5c2940d8fa5, findElement {using=xpath, value=//div[@data-test-id='filter-sidebar-desktop:slider-thumb-max-outer']}]
Capabilities {acceptInsecureCerts: false, browserName: chrome, browserVersion: 149.0.7827.198, chrome: {chromedriverVersion: 149.0.7827.155 (07b52360cc1..., userDataDir: C:\Users\VISHNU~1\AppData\L...}, fedcm:accounts: true, goog:chromeOptions: {debuggerAddress: localhost:53635}, goog:processID: 145972, networkConnectionEnabled: false, pageLoadStrategy: normal, platformName: windows, proxy: Proxy(), se:bidiEnabled: false, se:cdp: ws://192.168.29.61:4444/ses..., se:cdpVersion: 149.0.7827.198, setWindowRect: true, strictFileInteractability: false, timeouts: {implicit: 0, pageLoad: 300000, script: 30000}, unhandledPromptBehavior: dismiss and notify, webauthn:extension:credBlob: true, webauthn:extension:largeBlob: true, webauthn:extension:minPinLength: true, webauthn:extension:prf: true, webauthn:virtualAuthenticators: true}
Session ID: 368dd282ef4f9b8623e3f5c2940d8fa5
at org.testng.Assert.fail(Assert.java:111)
at stepDefinitions.AddToCartStep.user_selects_the_maximum_price_filter_less_than(AddToCartStep.java:96)
at ✽.User selects the maximum price filter less than "250"(file:///C:/Users/VISHNU%20VARDHAN/eclipse-workspace/decathlon-automation-framework/src/test/resources/features/addtocart.feature:7)
]]>
            </full-stacktrace>
          </exception> <!-- java.lang.AssertionError -->
          <reporter-output>
          </reporter-output>
        </test-method> <!-- runScenario -->
        <test-method is-config="true" signature="tearDownClass()[pri:0, instance:cucumberOptions.TestRunner@6221a451]" started-at="2026-07-08T07:16:38 IST" name="tearDownClass" finished-at="2026-07-08T07:16:38 IST" duration-ms="3" status="PASS">
          <reporter-output>
          </reporter-output>
        </test-method> <!-- tearDownClass -->
      </class> <!-- cucumberOptions.TestRunner -->
    </test> <!-- Surefire test -->
  </suite> <!-- Surefire suite -->
</testng-results>
