<?xml version="1.0" encoding="UTF-8"?>
<testng-results ignored="0" total="2" passed="2" failed="0" skipped="0">
  <reporter-output>
  </reporter-output>
  <suite started-at="2026-07-07T18:49:19 IST" name="Surefire suite" finished-at="2026-07-07T18:50:04 IST" duration-ms="45465">
    <groups>
      <group name="cucumber">
        <method signature="AbstractTestNGCucumberTests.runScenario(io.cucumber.testng.PickleWrapper,io.cucumber.testng.FeatureWrapper)[pri:0, instance:cucumberOptions.TestRunner@6221a451]" name="runScenario" class="io.cucumber.testng.AbstractTestNGCucumberTests"/>
      </group> <!-- cucumber -->
    </groups>
    <test started-at="2026-07-07T18:49:19 IST" name="Surefire test" finished-at="2026-07-07T18:50:04 IST" duration-ms="45465">
      <class name="cucumberOptions.TestRunner">
        <test-method is-config="true" signature="setUpClass(org.testng.ITestContext)[pri:0, instance:cucumberOptions.TestRunner@6221a451]" started-at="2026-07-07T18:49:19 IST" name="setUpClass" finished-at="2026-07-07T18:49:19 IST" duration-ms="203" status="PASS">
          <params>
            <param index="0">
              <value>
                <![CDATA[org.testng.TestRunner@37052337]]>
              </value>
            </param>
          </params>
          <reporter-output>
          </reporter-output>
        </test-method> <!-- setUpClass -->
        <test-method signature="runScenario(io.cucumber.testng.PickleWrapper,io.cucumber.testng.FeatureWrapper)[pri:0, instance:cucumberOptions.TestRunner@6221a451]" started-at="2026-07-07T18:49:19 IST" name="runScenario" description="Runs Cucumber Scenarios" data-provider="scenarios" finished-at="2026-07-07T18:50:04 IST" duration-ms="45219" status="PASS">
          <params>
            <param index="0">
              <value>
                <![CDATA["Validate Add to Cart functionality and pricing for a Nutrition product"]]>
              </value>
            </param>
            <param index="1">
              <value>
                <![CDATA["Validate Add to Cart functionality"]]>
              </value>
            </param>
          </params>
          <reporter-output>
          </reporter-output>
        </test-method> <!-- runScenario -->
        <test-method signature="runScenario(io.cucumber.testng.PickleWrapper,io.cucumber.testng.FeatureWrapper)[pri:0, instance:cucumberOptions.TestRunner@6221a451]" started-at="2026-07-07T18:49:19 IST" name="runScenario" description="Runs Cucumber Scenarios" data-provider="scenarios" finished-at="2026-07-07T18:49:35 IST" duration-ms="16322" status="PASS">
          <params>
            <param index="0">
              <value>
                <![CDATA["Validate Nutrition products using Price and Brand filters"]]>
              </value>
            </param>
            <param index="1">
              <value>
                <![CDATA["Validating price and brand by filter functionality"]]>
              </value>
            </param>
          </params>
          <reporter-output>
          </reporter-output>
        </test-method> <!-- runScenario -->
        <test-method is-config="true" signature="tearDownClass()[pri:0, instance:cucumberOptions.TestRunner@6221a451]" started-at="2026-07-07T18:50:04 IST" name="tearDownClass" finished-at="2026-07-07T18:50:04 IST" duration-ms="1" status="PASS">
          <reporter-output>
          </reporter-output>
        </test-method> <!-- tearDownClass -->
      </class> <!-- cucumberOptions.TestRunner -->
    </test> <!-- Surefire test -->
  </suite> <!-- Surefire suite -->
</testng-results>
