<?xml version="1.0" encoding="UTF-8"?>
<testsuite xmlns:xsi="http://www.w3.org/2001/XMLSchema-instance" xsi:noNamespaceSchemaLocation="https://maven.apache.org/surefire/maven-surefire-plugin/xsd/surefire-test-report.xsd" version="3.0.1" name="cucumberOptions.TestRunner" time="46.042" tests="2" errors="0" skipped="0" failures="0">
  <properties>
[...]
</properties>
  <testcase name="runScenario[&quot;Validate Nutrition products using Price and Brand filters&quot;, &quot;Validating price and brand by filter functionality&quot;](1)" classname="cucumberOptions.TestRunner" time="16.336">
    <system-out><![CDATA[
@PriceBrandFilter
Scenario: Validate Nutrition products using Price and Brand filters                &amp#27;[90m# src/test/resources/features/pricebrandFilter.feature:4&amp#27;[0m

@AddToCart
Scenario: Validate Add to Cart functionality and pricing for a Nutrition product                    &amp#27;[90m# src/test/resources/features/addtocart.feature:4&amp#27;[0m
java -jar src/test/resources/selenium-server-4.44.0.jar standalone
java -jar src/test/resources/selenium-server-4.44.0.jar standalone
GRID STARTED
GRID STARTED
18:49:25.626 [TestNG-PoolService-0] INFO  stepDefinitions.AddToCartStep - Title : Search | Nutrition
18:49:25.795 [TestNG-PoolService-0] INFO  stepDefinitions.AddToCartStep - URL : https://www.decathlon.in/search?query=Nutrition
  &amp#27;[32mWhen &amp#27;[0m&amp#27;[32mUser searches for &amp#27;[0m&amp#27;[32m&amp#27;[1m"Nutrition"&amp#27;[0m&amp#27;[32m category&amp#27;[0m                                                       &amp#27;[90m# stepDefinitions.AddToCartStep.user_searches_for(java.lang.String)&amp#27;[0m
18:49:25.803 [TestNG-PoolService-0] INFO  stepDefinitions.AddToCartStep - User applies the maximum price filter as 250
18:49:25.991 [TestNG-PoolService-0] INFO  stepDefinitions.AddToCartStep - ₹3,499
18:49:25.991 [TestNG-PoolService-0] INFO  stepDefinitions.AddToCartStep - Current Price : 3499
18:49:26.195 [TestNG-PoolService-1] INFO  stepDefinitions.PriceBrandFilterStep - Title : Search | Nutrition
18:49:26.358 [TestNG-PoolService-1] INFO  stepDefinitions.PriceBrandFilterStep - URL : https://www.decathlon.in/search?query=Nutrition
  &amp#27;[32mWhen &amp#27;[0m&amp#27;[32mUser searches for &amp#27;[0m&amp#27;[32m&amp#27;[1m"Nutrition"&amp#27;[0m                                               &amp#27;[90m# stepDefinitions.PriceBrandFilterStep.user_searches_for(java.lang.String)&amp#27;[0m
18:49:26.359 [TestNG-PoolService-1] INFO  stepDefinitions.PriceBrandFilterStep - User applies the maximum price filter as {string}
18:49:26.485 [TestNG-PoolService-1] INFO  stepDefinitions.PriceBrandFilterStep - ₹3,499
18:49:26.486 [TestNG-PoolService-1] INFO  stepDefinitions.PriceBrandFilterStep - Current Price : 3499
18:49:26.548 [TestNG-PoolService-0] INFO  stepDefinitions.AddToCartStep - ₹2,878
18:49:26.552 [TestNG-PoolService-0] INFO  stepDefinitions.AddToCartStep - Current Price : 2878
18:49:26.885 [TestNG-PoolService-1] INFO  stepDefinitions.PriceBrandFilterStep - ₹2,878
18:49:26.885 [TestNG-PoolService-1] INFO  stepDefinitions.PriceBrandFilterStep - Current Price : 2878
18:49:26.909 [TestNG-PoolService-0] INFO  stepDefinitions.AddToCartStep - ₹2,261
18:49:26.911 [TestNG-PoolService-0] INFO  stepDefinitions.AddToCartStep - Current Price : 2261
18:49:27.267 [TestNG-PoolService-1] INFO  stepDefinitions.PriceBrandFilterStep - ₹2,261
18:49:27.269 [TestNG-PoolService-1] INFO  stepDefinitions.PriceBrandFilterStep - Current Price : 2261
18:49:27.282 [TestNG-PoolService-0] INFO  stepDefinitions.AddToCartStep - ₹1,630
18:49:27.282 [TestNG-PoolService-0] INFO  stepDefinitions.AddToCartStep - Current Price : 1630
18:49:27.633 [TestNG-PoolService-1] INFO  stepDefinitions.PriceBrandFilterStep - ₹1,630
18:49:27.634 [TestNG-PoolService-1] INFO  stepDefinitions.PriceBrandFilterStep - Current Price : 1630
18:49:27.645 [TestNG-PoolService-0] INFO  stepDefinitions.AddToCartStep - ₹1,014
18:49:27.649 [TestNG-PoolService-0] INFO  stepDefinitions.AddToCartStep - Current Price : 1014
18:49:27.998 [TestNG-PoolService-1] INFO  stepDefinitions.PriceBrandFilterStep - ₹1,014
18:49:27.998 [TestNG-PoolService-1] INFO  stepDefinitions.PriceBrandFilterStep - Current Price : 1014
18:49:28.021 [TestNG-PoolService-0] INFO  stepDefinitions.AddToCartStep - ₹398
18:49:28.022 [TestNG-PoolService-0] INFO  stepDefinitions.AddToCartStep - Current Price : 398
18:49:28.397 [TestNG-PoolService-1] INFO  stepDefinitions.PriceBrandFilterStep - ₹398
18:49:28.399 [TestNG-PoolService-1] INFO  stepDefinitions.PriceBrandFilterStep - Current Price : 398
18:49:28.430 [TestNG-PoolService-0] INFO  stepDefinitions.AddToCartStep - ₹231
18:49:28.431 [TestNG-PoolService-0] INFO  stepDefinitions.AddToCartStep - Current Price : 231
18:49:28.764 [TestNG-PoolService-1] INFO  stepDefinitions.PriceBrandFilterStep - ₹231
18:49:28.765 [TestNG-PoolService-1] INFO  stepDefinitions.PriceBrandFilterStep - Current Price : 231
18:49:33.444 [TestNG-PoolService-0] INFO  stepDefinitions.AddToCartStep - Title : Search | Nutrition
18:49:33.456 [TestNG-PoolService-0] INFO  stepDefinitions.AddToCartStep - URL : https://www.decathlon.in/search?query=Nutrition&inStock=1&price=59-231
  &amp#27;[32mAnd &amp#27;[0m&amp#27;[32mUser selects the maximum price filter less than &amp#27;[0m&amp#27;[32m&amp#27;[1m"250"&amp#27;[0m                                         &amp#27;[90m# stepDefinitions.AddToCartStep.user_selects_the_maximum_price_filter_less_than(java.lang.String)&amp#27;[0m
18:49:33.457 [TestNG-PoolService-0] INFO  stepDefinitions.AddToCartStep - User selects the productGranola Bar Cashew Berry - Healthy Nutrition Energy & Breakfast Bar
18:49:33.493 [TestNG-PoolService-0] INFO  stepDefinitions.AddToCartStep - productName Granola Bar Cashew Berry - Healthy Nutrition Energy & Breakfast Bar
18:49:33.553 [TestNG-PoolService-0] INFO  stepDefinitions.AddToCartStep - sellingPrice 69
18:49:33.556 [TestNG-PoolService-0] INFO  stepDefinitions.AddToCartStep - mrp 99
18:49:33.791 [TestNG-PoolService-1] INFO  stepDefinitions.PriceBrandFilterStep - Title : Search | Nutrition
18:49:33.803 [TestNG-PoolService-1] INFO  stepDefinitions.PriceBrandFilterStep - URL : https://www.decathlon.in/search?query=Nutrition&inStock=1&price=59-231
  &amp#27;[32mAnd &amp#27;[0m&amp#27;[32mUser applies the maximum price filter as &amp#27;[0m&amp#27;[32m&amp#27;[1m"250"&amp#27;[0m                               &amp#27;[90m# stepDefinitions.PriceBrandFilterStep.user_applies_the_maximum_price_filter_as(java.lang.String)&amp#27;[0m
User verifies all displayed products have price less than or equal to {string}
Price : ₹69
Price : ₹59
Price : ₹219
Price : ₹69
Price : ₹129
Price : ₹129
Price : ₹69
Price : ₹99
Price : ₹99
Price : ₹99
Price : ₹99
Price : ₹69
Price : ₹69
Price : ₹69
Price : ₹69
Price : ₹69
Price : ₹59
Price : ₹69
Price : ₹69
Price : ₹89
  &amp#27;[32mThen &amp#27;[0m&amp#27;[32mUser verifies all displayed products have price less than or equal to &amp#27;[0m&amp#27;[32m&amp#27;[1m"250"&amp#27;[0m &amp#27;[90m# stepDefinitions.PriceBrandFilterStep.user_verifies_all_displayed_products_have_price_less_than_or_equal_to(java.lang.String)&amp#27;[0m
18:49:34.257 [TestNG-PoolService-1] INFO  stepDefinitions.PriceBrandFilterStep - User selects the brand {string}
  &amp#27;[32mAnd &amp#27;[0m&amp#27;[32mUser clicks the product &amp#27;[0m&amp#27;[32m&amp#27;[1m"Granola Bar Cashew Berry - Healthy Nutrition Energy & Breakfast Bar"&amp#27;[0m &amp#27;[90m# stepDefinitions.AddToCartStep.user_clicks_the_product(java.lang.String)&amp#27;[0m
18:49:34.629 [TestNG-PoolService-0] INFO  stepDefinitions.AddToCartStep - User adds the product to the cart
  &amp#27;[32mWhen &amp#27;[0m&amp#27;[32mUser selects the brand &amp#27;[0m&amp#27;[32m&amp#27;[1m"Decathlon"&amp#27;[0m                                          &amp#27;[90m# stepDefinitions.PriceBrandFilterStep.user_selects_the_brand(java.lang.String)&amp#27;[0m
User verifies all displayed products belong to brand {string}
stale element reference: stale element not found in the current frame
  (Session info: chrome=149.0.7827.198)
For documentation on this error, please visit: https://www.selenium.dev/documentation/webdriver/troubleshooting/errors#staleelementreferenceexception
Build info: version: '4.39.0', revision: '126f156aee'
System info: os.name: 'Windows 11', os.arch: 'amd64', os.version: '10.0', java.version: '23.0.2'
Driver info: org.openqa.selenium.remote.RemoteWebDriver
Command: [e906d838092b49fbcc82369c481d23bf, getElementText {id=f.5AFC6D89CED0143B34E228E5921AC9AE.d.53366F29B15E397B4964B562EF9D8523.e.4362}]
Capabilities {acceptInsecureCerts: false, browserName: chrome, browserVersion: 149.0.7827.198, chrome: {chromedriverVersion: 149.0.7827.155 (07b52360cc1..., userDataDir: C:\Users\VISHNU~1\AppData\L...}, fedcm:accounts: true, goog:chromeOptions: {debuggerAddress: localhost:56026}, goog:processID: 129792, networkConnectionEnabled: false, pageLoadStrategy: normal, platformName: windows, proxy: Proxy(), se:bidiEnabled: false, se:cdp: ws://192.168.29.61:4444/ses..., se:cdpVersion: 149.0.7827.198, setWindowRect: true, strictFileInteractability: false, timeouts: {implicit: 0, pageLoad: 300000, script: 30000}, unhandledPromptBehavior: dismiss and notify, webauthn:extension:credBlob: true, webauthn:extension:largeBlob: true, webauthn:extension:minPinLength: true, webauthn:extension:prf: true, webauthn:virtualAuthenticators: true}
Element: [[RemoteWebDriver: chrome on windows (e906d838092b49fbcc82369c481d23bf)] -> xpath: //span[@data-test-id='product-card:product-card:brand']]
Session ID: e906d838092b49fbcc82369c481d23bf
18:49:35.135 [TestNG-PoolService-1] DEBUG stepDefinitions.PriceBrandFilterStep - Exception occurred:stale element reference: stale element not found in the current frame
  (Session info: chrome=149.0.7827.198)
For documentation on this error, please visit: https://www.selenium.dev/documentation/webdriver/troubleshooting/errors#staleelementreferenceexception
Build info: version: '4.39.0', revision: '126f156aee'
System info: os.name: 'Windows 11', os.arch: 'amd64', os.version: '10.0', java.version: '23.0.2'
Driver info: org.openqa.selenium.remote.RemoteWebDriver
Command: [e906d838092b49fbcc82369c481d23bf, getElementText {id=f.5AFC6D89CED0143B34E228E5921AC9AE.d.53366F29B15E397B4964B562EF9D8523.e.4362}]
Capabilities {acceptInsecureCerts: false, browserName: chrome, browserVersion: 149.0.7827.198, chrome: {chromedriverVersion: 149.0.7827.155 (07b52360cc1..., userDataDir: C:\Users\VISHNU~1\AppData\L...}, fedcm:accounts: true, goog:chromeOptions: {debuggerAddress: localhost:56026}, goog:processID: 129792, networkConnectionEnabled: false, pageLoadStrategy: normal, platformName: windows, proxy: Proxy(), se:bidiEnabled: false, se:cdp: ws://192.168.29.61:4444/ses..., se:cdpVersion: 149.0.7827.198, setWindowRect: true, strictFileInteractability: false, timeouts: {implicit: 0, pageLoad: 300000, script: 30000}, unhandledPromptBehavior: dismiss and notify, webauthn:extension:credBlob: true, webauthn:extension:largeBlob: true, webauthn:extension:minPinLength: true, webauthn:extension:prf: true, webauthn:virtualAuthenticators: true}
Element: [[RemoteWebDriver: chrome on windows (e906d838092b49fbcc82369c481d23bf)] -> xpath: //span[@data-test-id='product-card:product-card:brand']]
Session ID: e906d838092b49fbcc82369c481d23bf
  &amp#27;[32mThen &amp#27;[0m&amp#27;[32mUser verifies all displayed products belong to brand &amp#27;[0m&amp#27;[32m&amp#27;[1m"Decathlon"&amp#27;[0m            &amp#27;[90m# stepDefinitions.PriceBrandFilterStep.user_verifies_all_displayed_products_belong_to_brand(java.lang.String)&amp#27;[0m
  &amp#27;[32mAnd &amp#27;[0m&amp#27;[32mUser clicks Add to Cart button&amp#27;[0m                                                                &amp#27;[90m# stepDefinitions.AddToCartStep.user_clicks_add_to_cart_button()&amp#27;[0m
18:49:35.845 [TestNG-PoolService-0] INFO  stepDefinitions.AddToCartStep - Validate correct item is added
]]></system-out>
    <system-err><![CDATA[SLF4J: Failed to load class "org.slf4j.impl.StaticLoggerBinder".
SLF4J: Defaulting to no-operation (NOP) logger implementation
SLF4J: See http://www.slf4j.org/codes.html#StaticLoggerBinder for further details.
Jul 07, 2026 6:49:19 PM org.openqa.selenium.remote.tracing.opentelemetry.OpenTelemetryTracer createTracer
INFO: Using OpenTelemetry for tracing
]]></system-err>
  </testcase>
  <testcase name="runScenario[&quot;Validate Add to Cart functionality and pricing for a Nutrition product&quot;, &quot;Validate Add to Cart functionality&quot;](2)" classname="cucumberOptions.TestRunner" time="45.217">
    <system-out><![CDATA[  &amp#27;[32mAnd &amp#27;[0m&amp#27;[32mUser navigates to the cart&amp#27;[0m                                                                    &amp#27;[90m# stepDefinitions.AddToCartStep.user_navigates_to_the_cart()&amp#27;[0m
18:49:53.941 [TestNG-PoolService-0] INFO  stepDefinitions.AddToCartStep - Validate correct item is added
  &amp#27;[32mAnd &amp#27;[0m&amp#27;[32mUser increases the quantity to &amp#27;[0m&amp#27;[32m&amp#27;[1m"3"&amp#27;[0m                                                            &amp#27;[90m# stepDefinitions.AddToCartStep.user_increases_the_quantity_to(java.lang.String)&amp#27;[0m
18:49:59.237 [TestNG-PoolService-0] INFO  stepDefinitions.AddToCartStep - Validate correct item is added
18:49:59.273 [TestNG-PoolService-0] INFO  stepDefinitions.AddToCartStep - Expected Cart Count : 4
18:49:59.274 [TestNG-PoolService-0] INFO  stepDefinitions.AddToCartStep - Actual Cart Count : 4
  &amp#27;[32mThen &amp#27;[0m&amp#27;[32mThe cart should display correct quantity&amp#27;[0m                                                     &amp#27;[90m# stepDefinitions.AddToCartStep.the_cart_should_display_correct_quantity()&amp#27;[0m
18:50:04.284 [TestNG-PoolService-0] INFO  stepDefinitions.AddToCartStep - Validate correct item is added
18:50:04.288 [TestNG-PoolService-0] INFO  stepDefinitions.AddToCartStep - Expected Selling Price : 276
18:50:04.288 [TestNG-PoolService-0] INFO  stepDefinitions.AddToCartStep - Expected Total Price : 396
18:50:04.288 [TestNG-PoolService-0] INFO  stepDefinitions.AddToCartStep - Expected Discount : 120
18:50:04.330 [TestNG-PoolService-0] INFO  stepDefinitions.AddToCartStep - Actual Selling Price : 276
18:50:04.346 [TestNG-PoolService-0] INFO  stepDefinitions.AddToCartStep - Actual Total Price : 396
18:50:04.368 [TestNG-PoolService-0] INFO  stepDefinitions.AddToCartStep - Actual Discount : 120
  &amp#27;[32mAnd &amp#27;[0m&amp#27;[32mThe cart should display the correct selling price, MRP, discount and total price&amp#27;[0m              &amp#27;[90m# stepDefinitions.AddToCartStep.validate_selling_price_discount_mrp()&amp#27;[0m
]]></system-out>
  </testcase>
</testsuite>