<?xml version="1.0" encoding="UTF-8"?>
<!-- Generated by org.testng.reporters.JUnitReportReporter -->
<testsuite hostname="DESKTOP-3113IA3" failures="3" tests="3" name="cucumberOptions.TestRunner" time="5.400" errors="0" timestamp="2026-07-07T15:43:44 IST" skipped="0">
  <testcase classname="cucumberOptions.TestRunner" name="runScenario" time="2.649">
    <failure message="no such element: Unable to locate element: {&quot;method&quot;:&quot;xpath&quot;,&quot;selector&quot;:&quot;//input[@type=&#039;search&#039;]&quot;}
  (Session info: chrome=149.0.7827.198)
For documentation on this error, please visit: https://www.selenium.dev/documentation/webdriver/troubleshooting/errors#nosuchelementexception
Build info: version: &#039;4.39.0&#039;, revision: &#039;126f156aee&#039;
System info: os.name: &#039;Windows 11&#039;, os.arch: &#039;amd64&#039;, os.version: &#039;10.0&#039;, java.version: &#039;21.0.10&#039;
Driver info: org.openqa.selenium.chrome.ChromeDriver
Command: [e04ed9b1c1007674f6d1c3aa906e8985, findElement {using=xpath, value=//input[@type=&#039;search&#039;]}]
Capabilities {acceptInsecureCerts: false, browserName: chrome, browserVersion: 149.0.7827.198, chrome: {chromedriverVersion: 149.0.7827.155 (07b52360cc1..., userDataDir: C:\Users\VISHNU~1\AppData\L...}, fedcm:accounts: true, goog:chromeOptions: {debuggerAddress: localhost:60796}, goog:processID: 24936, networkConnectionEnabled: false, pageLoadStrategy: normal, platformName: windows, proxy: Proxy(), se:cdp: ws://localhost:60796/devtoo..., se:cdpVersion: 149.0.7827.198, setWindowRect: true, strictFileInteractability: false, timeouts: {implicit: 0, pageLoad: 300000, script: 30000}, unhandledPromptBehavior: dismiss and notify, webauthn:extension:credBlob: true, webauthn:extension:largeBlob: true, webauthn:extension:minPinLength: true, webauthn:extension:prf: true, webauthn:virtualAuthenticators: true}
Session ID: e04ed9b1c1007674f6d1c3aa906e8985" type="java.lang.AssertionError">
      <![CDATA[java.lang.AssertionError: no such element: Unable to locate element: {"method":"xpath","selector":"//input[@type='search']"}
  (Session info: chrome=149.0.7827.198)
For documentation on this error, please visit: https://www.selenium.dev/documentation/webdriver/troubleshooting/errors#nosuchelementexception
Build info: version: '4.39.0', revision: '126f156aee'
System info: os.name: 'Windows 11', os.arch: 'amd64', os.version: '10.0', java.version: '21.0.10'
Driver info: org.openqa.selenium.chrome.ChromeDriver
Command: [e04ed9b1c1007674f6d1c3aa906e8985, findElement {using=xpath, value=//input[@type='search']}]
Capabilities {acceptInsecureCerts: false, browserName: chrome, browserVersion: 149.0.7827.198, chrome: {chromedriverVersion: 149.0.7827.155 (07b52360cc1..., userDataDir: C:\Users\VISHNU~1\AppData\L...}, fedcm:accounts: true, goog:chromeOptions: {debuggerAddress: localhost:60796}, goog:processID: 24936, networkConnectionEnabled: false, pageLoadStrategy: normal, platformName: windows, proxy: Proxy(), se:cdp: ws://localhost:60796/devtoo..., se:cdpVersion: 149.0.7827.198, setWindowRect: true, strictFileInteractability: false, timeouts: {implicit: 0, pageLoad: 300000, script: 30000}, unhandledPromptBehavior: dismiss and notify, webauthn:extension:credBlob: true, webauthn:extension:largeBlob: true, webauthn:extension:minPinLength: true, webauthn:extension:prf: true, webauthn:virtualAuthenticators: true}
Session ID: e04ed9b1c1007674f6d1c3aa906e8985
at org.testng.Assert.fail(Assert.java:111)
at stepDefinitions.PriceRangeFilterStep.user_searches_for_type(PriceRangeFilterStep.java:41)
at ✽.User searches for "Nutrition" type(file:///C:/Users/VISHNU%20VARDHAN/eclipse-workspace/decathlon-automation-framework/src/test/resources/features/pricerangefilter.feature:6)
]]>
    </failure>
  </testcase> <!-- runScenario -->
  <testcase classname="cucumberOptions.TestRunner" name="runScenario" time="1.370">
    <failure message="no such element: Unable to locate element: {&quot;method&quot;:&quot;xpath&quot;,&quot;selector&quot;:&quot;//input[@type=&#039;search&#039;]&quot;}
  (Session info: chrome=149.0.7827.198)
For documentation on this error, please visit: https://www.selenium.dev/documentation/webdriver/troubleshooting/errors#nosuchelementexception
Build info: version: &#039;4.39.0&#039;, revision: &#039;126f156aee&#039;
System info: os.name: &#039;Windows 11&#039;, os.arch: &#039;amd64&#039;, os.version: &#039;10.0&#039;, java.version: &#039;21.0.10&#039;
Driver info: org.openqa.selenium.chrome.ChromeDriver
Command: [eecd9732787c463b0d73852895c9a41d, findElement {using=xpath, value=//input[@type=&#039;search&#039;]}]
Capabilities {acceptInsecureCerts: false, browserName: chrome, browserVersion: 149.0.7827.198, chrome: {chromedriverVersion: 149.0.7827.155 (07b52360cc1..., userDataDir: C:\Users\VISHNU~1\AppData\L...}, fedcm:accounts: true, goog:chromeOptions: {debuggerAddress: localhost:58172}, goog:processID: 18176, networkConnectionEnabled: false, pageLoadStrategy: normal, platformName: windows, proxy: Proxy(), se:cdp: ws://localhost:58172/devtoo..., se:cdpVersion: 149.0.7827.198, setWindowRect: true, strictFileInteractability: false, timeouts: {implicit: 0, pageLoad: 300000, script: 30000}, unhandledPromptBehavior: dismiss and notify, webauthn:extension:credBlob: true, webauthn:extension:largeBlob: true, webauthn:extension:minPinLength: true, webauthn:extension:prf: true, webauthn:virtualAuthenticators: true}
Session ID: eecd9732787c463b0d73852895c9a41d" type="java.lang.AssertionError">
      <![CDATA[java.lang.AssertionError: no such element: Unable to locate element: {"method":"xpath","selector":"//input[@type='search']"}
  (Session info: chrome=149.0.7827.198)
For documentation on this error, please visit: https://www.selenium.dev/documentation/webdriver/troubleshooting/errors#nosuchelementexception
Build info: version: '4.39.0', revision: '126f156aee'
System info: os.name: 'Windows 11', os.arch: 'amd64', os.version: '10.0', java.version: '21.0.10'
Driver info: org.openqa.selenium.chrome.ChromeDriver
Command: [eecd9732787c463b0d73852895c9a41d, findElement {using=xpath, value=//input[@type='search']}]
Capabilities {acceptInsecureCerts: false, browserName: chrome, browserVersion: 149.0.7827.198, chrome: {chromedriverVersion: 149.0.7827.155 (07b52360cc1..., userDataDir: C:\Users\VISHNU~1\AppData\L...}, fedcm:accounts: true, goog:chromeOptions: {debuggerAddress: localhost:58172}, goog:processID: 18176, networkConnectionEnabled: false, pageLoadStrategy: normal, platformName: windows, proxy: Proxy(), se:cdp: ws://localhost:58172/devtoo..., se:cdpVersion: 149.0.7827.198, setWindowRect: true, strictFileInteractability: false, timeouts: {implicit: 0, pageLoad: 300000, script: 30000}, unhandledPromptBehavior: dismiss and notify, webauthn:extension:credBlob: true, webauthn:extension:largeBlob: true, webauthn:extension:minPinLength: true, webauthn:extension:prf: true, webauthn:virtualAuthenticators: true}
Session ID: eecd9732787c463b0d73852895c9a41d
at org.testng.Assert.fail(Assert.java:111)
at stepDefinitions.PriceRangeFilterStep.user_searches_for_type(PriceRangeFilterStep.java:41)
at ✽.User searches for "Nutrition" type(file:///C:/Users/VISHNU%20VARDHAN/eclipse-workspace/decathlon-automation-framework/src/test/resources/features/pricerangefilter.feature:6)
]]>
    </failure>
  </testcase> <!-- runScenario -->
  <testcase classname="cucumberOptions.TestRunner" name="runScenario" time="1.381">
    <failure message="no such element: Unable to locate element: {&quot;method&quot;:&quot;xpath&quot;,&quot;selector&quot;:&quot;//input[@type=&#039;search&#039;]&quot;}
  (Session info: chrome=149.0.7827.198)
For documentation on this error, please visit: https://www.selenium.dev/documentation/webdriver/troubleshooting/errors#nosuchelementexception
Build info: version: &#039;4.39.0&#039;, revision: &#039;126f156aee&#039;
System info: os.name: &#039;Windows 11&#039;, os.arch: &#039;amd64&#039;, os.version: &#039;10.0&#039;, java.version: &#039;21.0.10&#039;
Driver info: org.openqa.selenium.chrome.ChromeDriver
Command: [5727aa0e4f536db814b3fc76a121910b, findElement {using=xpath, value=//input[@type=&#039;search&#039;]}]
Capabilities {acceptInsecureCerts: false, browserName: chrome, browserVersion: 149.0.7827.198, chrome: {chromedriverVersion: 149.0.7827.155 (07b52360cc1..., userDataDir: C:\Users\VISHNU~1\AppData\L...}, fedcm:accounts: true, goog:chromeOptions: {debuggerAddress: localhost:62969}, goog:processID: 15432, networkConnectionEnabled: false, pageLoadStrategy: normal, platformName: windows, proxy: Proxy(), se:cdp: ws://localhost:62969/devtoo..., se:cdpVersion: 149.0.7827.198, setWindowRect: true, strictFileInteractability: false, timeouts: {implicit: 0, pageLoad: 300000, script: 30000}, unhandledPromptBehavior: dismiss and notify, webauthn:extension:credBlob: true, webauthn:extension:largeBlob: true, webauthn:extension:minPinLength: true, webauthn:extension:prf: true, webauthn:virtualAuthenticators: true}
Session ID: 5727aa0e4f536db814b3fc76a121910b" type="java.lang.AssertionError">
      <![CDATA[java.lang.AssertionError: no such element: Unable to locate element: {"method":"xpath","selector":"//input[@type='search']"}
  (Session info: chrome=149.0.7827.198)
For documentation on this error, please visit: https://www.selenium.dev/documentation/webdriver/troubleshooting/errors#nosuchelementexception
Build info: version: '4.39.0', revision: '126f156aee'
System info: os.name: 'Windows 11', os.arch: 'amd64', os.version: '10.0', java.version: '21.0.10'
Driver info: org.openqa.selenium.chrome.ChromeDriver
Command: [5727aa0e4f536db814b3fc76a121910b, findElement {using=xpath, value=//input[@type='search']}]
Capabilities {acceptInsecureCerts: false, browserName: chrome, browserVersion: 149.0.7827.198, chrome: {chromedriverVersion: 149.0.7827.155 (07b52360cc1..., userDataDir: C:\Users\VISHNU~1\AppData\L...}, fedcm:accounts: true, goog:chromeOptions: {debuggerAddress: localhost:62969}, goog:processID: 15432, networkConnectionEnabled: false, pageLoadStrategy: normal, platformName: windows, proxy: Proxy(), se:cdp: ws://localhost:62969/devtoo..., se:cdpVersion: 149.0.7827.198, setWindowRect: true, strictFileInteractability: false, timeouts: {implicit: 0, pageLoad: 300000, script: 30000}, unhandledPromptBehavior: dismiss and notify, webauthn:extension:credBlob: true, webauthn:extension:largeBlob: true, webauthn:extension:minPinLength: true, webauthn:extension:prf: true, webauthn:virtualAuthenticators: true}
Session ID: 5727aa0e4f536db814b3fc76a121910b
at org.testng.Assert.fail(Assert.java:111)
at stepDefinitions.PriceRangeFilterStep.user_searches_for_type(PriceRangeFilterStep.java:41)
at ✽.User searches for "Nutrition" type(file:///C:/Users/VISHNU%20VARDHAN/eclipse-workspace/decathlon-automation-framework/src/test/resources/features/pricerangefilter.feature:6)
]]>
    </failure>
  </testcase> <!-- runScenario -->
</testsuite> <!-- cucumberOptions.TestRunner -->
